<?xml version="1.0" encoding="UTF-8"?>
<!-- Generated by org.testng.reporters.JUnitReportReporter -->
<testsuite hostname="DESKTOP-U4AOHCG" failures="0" tests="1" name="webapp_seleniumtest.phpwebapp_test.PhpWebsiteTest" time="10.670" errors="0" timestamp="18 Dec 2018 07:09:43 GMT" skipped="0">
  <testcase classname="webapp_seleniumtest.phpwebapp_test.PhpWebsiteTest" name="verifyAboutLink" time="10.670"/>
</testsuite> <!-- webapp_seleniumtest.phpwebapp_test.PhpWebsiteTest -->
